<?xml version="1.0" encoding="UTF-8"?>
<testng-results skipped="0" failed="1" ignored="0" total="2" passed="1">
  <reporter-output>
  </reporter-output>
  <suite name="Default suite" duration-ms="8354" started-at="2019-09-18T08:28:24Z" finished-at="2019-09-18T08:28:33Z">
    <groups>
    </groups>
    <test name="Default test" duration-ms="8354" started-at="2019-09-18T08:28:24Z" finished-at="2019-09-18T08:28:33Z">
      <class name="TestNGPackage.TestConnect">
        <test-method status="PASS" signature="LoginTesting()[pri:0, instance:TestNGPackage.TestConnect@1bce4f0a]" name="LoginTesting" duration-ms="82" started-at="2019-09-18T08:28:33Z" finished-at="2019-09-18T08:28:33Z">
          <reporter-output>
          </reporter-output>
        </test-method> <!-- LoginTesting -->
      </class> <!-- TestNGPackage.TestConnect -->
      <class name="TestNGPackage.Paralleldemo">
        <test-method status="PASS" signature="launchbrowser()[pri:0, instance:TestNGPackage.Paralleldemo@5e3a8624]" name="launchbrowser" is-config="true" duration-ms="4503" started-at="2019-09-18T08:28:24Z" finished-at="2019-09-18T08:28:29Z">
          <reporter-output>
          </reporter-output>
        </test-method> <!-- launchbrowser -->
        <test-method status="PASS" signature="launchbrowser()[pri:0, instance:TestNGPackage.TestConnect@1bce4f0a]" name="launchbrowser" is-config="true" duration-ms="3735" started-at="2019-09-18T08:28:29Z" finished-at="2019-09-18T08:28:33Z">
          <reporter-output>
          </reporter-output>
        </test-method> <!-- launchbrowser -->
        <test-method status="FAIL" signature="LoginTesting(java.lang.String, java.lang.String)[pri:0, instance:TestNGPackage.Paralleldemo@5e3a8624]" name="LoginTesting" duration-ms="0" started-at="2019-09-18T08:28:33Z" finished-at="2019-09-18T08:28:33Z">
          <exception class="org.testng.TestNGException">
            <message>
              <![CDATA[
Parameter 'susername' is required by @Test on method LoginTesting but has not been marked @Optional or defined
in C:\Users\training\eclipse-workspace\MySelinium\file.xml]]>
            </message>
            <full-stacktrace>
              <![CDATA[org.testng.TestNGException: 
Parameter 'susername' is required by @Test on method LoginTesting but has not been marked @Optional or defined
in C:\Users\training\eclipse-workspace\MySelinium\file.xml
at org.testng.internal.Parameters.createParams(Parameters.java:290)
at org.testng.internal.Parameters.createParametersForMethod(Parameters.java:359)
at org.testng.internal.Parameters.createParameters(Parameters.java:620)
at org.testng.internal.Parameters.handleParameters(Parameters.java:769)
at org.testng.internal.ParameterHandler.handleParameters(ParameterHandler.java:49)
at org.testng.internal.ParameterHandler.createParameters(ParameterHandler.java:37)
at org.testng.internal.Invoker.invokeTestMethods(Invoker.java:923)
at org.testng.internal.TestMethodWorker.invokeTestMethods(TestMethodWorker.java:125)
at org.testng.internal.TestMethodWorker.run(TestMethodWorker.java:109)
at org.testng.TestRunner.privateRun(TestRunner.java:648)
at org.testng.TestRunner.run(TestRunner.java:505)
at org.testng.SuiteRunner.runTest(SuiteRunner.java:455)
at org.testng.SuiteRunner.runSequentially(SuiteRunner.java:450)
at org.testng.SuiteRunner.privateRun(SuiteRunner.java:415)
at org.testng.SuiteRunner.run(SuiteRunner.java:364)
at org.testng.SuiteRunnerWorker.runSuite(SuiteRunnerWorker.java:52)
at org.testng.SuiteRunnerWorker.run(SuiteRunnerWorker.java:84)
at org.testng.TestNG.runSuitesSequentially(TestNG.java:1208)
at org.testng.TestNG.runSuitesLocally(TestNG.java:1137)
at org.testng.TestNG.runSuites(TestNG.java:1049)
at org.testng.TestNG.run(TestNG.java:1017)
at org.testng.remote.AbstractRemoteTestNG.run(AbstractRemoteTestNG.java:115)
at org.testng.remote.RemoteTestNG.initAndRun(RemoteTestNG.java:251)
at org.testng.remote.RemoteTestNG.main(RemoteTestNG.java:77)
]]>
            </full-stacktrace>
          </exception> <!-- org.testng.TestNGException -->
          <reporter-output>
          </reporter-output>
        </test-method> <!-- LoginTesting -->
        <test-method status="PASS" signature="close()[pri:0, instance:TestNGPackage.TestConnect@1bce4f0a]" name="close" is-config="true" duration-ms="0" started-at="2019-09-18T08:28:33Z" finished-at="2019-09-18T08:28:33Z">
          <reporter-output>
          </reporter-output>
        </test-method> <!-- close -->
        <test-method status="PASS" signature="close()[pri:0, instance:TestNGPackage.Paralleldemo@5e3a8624]" name="close" is-config="true" duration-ms="0" started-at="2019-09-18T08:28:33Z" finished-at="2019-09-18T08:28:33Z">
          <reporter-output>
          </reporter-output>
        </test-method> <!-- close -->
      </class> <!-- TestNGPackage.Paralleldemo -->
    </test> <!-- Default test -->
  </suite> <!-- Default suite -->
</testng-results>
